2015-06-28 14:36:27.314 [replication.prototype.server.controller.StarterController.main()] INFO  replication.prototype.server.controller.StarterController - Starting StarterController on TimMacBookAir-2.fritz.box with PID 24135 (/Users/Tim/github/ProtoBuf-Replication-Prototype/replication.prototype.server/target/classes started by Tim in /Users/Tim/github/ProtoBuf-Replication-Prototype/replication.prototype.server)
2015-06-28 14:36:27.316 [replication.prototype.server.controller.StarterController.main()] DEBUG replication.prototype.server.controller.StarterController - Running with Spring Boot v1.2.4.RELEASE, Spring v4.1.6.RELEASE
2015-06-28 14:36:31.378 [replication.prototype.server.controller.StarterController.main()] ERROR org.apache.coyote.http11.Http11NioProtocol - Failed to start end point associated with ProtocolHandler ["http-nio-8080"]
java.net.BindException: Address already in use
	at sun.nio.ch.Net.bind0(Native Method) ~[?:1.8.0]
	at sun.nio.ch.Net.bind(Net.java:414) ~[?:1.8.0]
	at sun.nio.ch.Net.bind(Net.java:406) ~[?:1.8.0]
	at sun.nio.ch.ServerSocketChannelImpl.bind(ServerSocketChannelImpl.java:214) ~[?:1.8.0]
	at sun.nio.ch.ServerSocketAdaptor.bind(ServerSocketAdaptor.java:74) ~[?:1.8.0]
	at org.apache.tomcat.util.net.NioEndpoint.bind(NioEndpoint.java:338) ~[tomcat-embed-core-8.0.23.jar:8.0.23]
	at org.apache.tomcat.util.net.AbstractEndpoint.start(AbstractEndpoint.java:760) ~[tomcat-embed-core-8.0.23.jar:8.0.23]
	at org.apache.coyote.AbstractProtocol.start(AbstractProtocol.java:472) [tomcat-embed-core-8.0.23.jar:8.0.23]
	at org.apache.catalina.connector.Connector.startInternal(Connector.java:986) [tomcat-embed-core-8.0.23.jar:8.0.23]
	at org.apache.catalina.util.LifecycleBase.start(LifecycleBase.java:150) [tomcat-embed-core-8.0.23.jar:8.0.23]
	at org.apache.catalina.core.StandardService.addConnector(StandardService.java:237) [tomcat-embed-core-8.0.23.jar:8.0.23]
	at org.springframework.boot.context.embedded.tomcat.TomcatEmbeddedServletContainer.addPreviouslyRemovedConnectors(TomcatEmbeddedServletContainer.java:186) [spring-boot-1.2.4.RELEASE.jar:1.2.4.RELEASE]
	at org.springframework.boot.context.embedded.tomcat.TomcatEmbeddedServletContainer.start(TomcatEmbeddedServletContainer.java:149) [spring-boot-1.2.4.RELEASE.jar:1.2.4.RELEASE]
	at org.springframework.boot.context.embedded.EmbeddedWebApplicationContext.startEmbeddedServletContainer(EmbeddedWebApplicationContext.java:288) [spring-boot-1.2.4.RELEASE.jar:1.2.4.RELEASE]
	at org.springframework.boot.context.embedded.EmbeddedWebApplicationContext.finishRefresh(EmbeddedWebApplicationContext.java:141) [spring-boot-1.2.4.RELEASE.jar:1.2.4.RELEASE]
	at org.springframework.context.support.AbstractApplicationContext.refresh(AbstractApplicationContext.java:483) [spring-context-4.1.6.RELEASE.jar:4.1.6.RELEASE]
	at org.springframework.boot.context.embedded.EmbeddedWebApplicationContext.refresh(EmbeddedWebApplicationContext.java:118) [spring-boot-1.2.4.RELEASE.jar:1.2.4.RELEASE]
	at org.springframework.boot.SpringApplication.refresh(SpringApplication.java:686) [spring-boot-1.2.4.RELEASE.jar:1.2.4.RELEASE]
	at org.springframework.boot.SpringApplication.run(SpringApplication.java:320) [spring-boot-1.2.4.RELEASE.jar:1.2.4.RELEASE]
	at org.springframework.boot.SpringApplication.run(SpringApplication.java:957) [spring-boot-1.2.4.RELEASE.jar:1.2.4.RELEASE]
	at org.springframework.boot.SpringApplication.run(SpringApplication.java:946) [spring-boot-1.2.4.RELEASE.jar:1.2.4.RELEASE]
	at replication.prototype.server.controller.StarterController.main(StarterController.java:88) [classes/:?]
	at sun.reflect.NativeMethodAccessorImpl.invoke0(Native Method) ~[?:1.8.0]
	at sun.reflect.NativeMethodAccessorImpl.invoke(NativeMethodAccessorImpl.java:62) ~[?:1.8.0]
	at sun.reflect.DelegatingMethodAccessorImpl.invoke(DelegatingMethodAccessorImpl.java:43) ~[?:1.8.0]
	at java.lang.reflect.Method.invoke(Method.java:483) ~[?:1.8.0]
	at org.springframework.boot.maven.RunMojo$LaunchRunner.run(RunMojo.java:418) [spring-boot-maven-plugin-1.2.4.RELEASE.jar:1.2.4.RELEASE]
	at java.lang.Thread.run(Thread.java:744) [?:1.8.0]
2015-06-28 14:36:31.390 [replication.prototype.server.controller.StarterController.main()] ERROR org.apache.catalina.core.StandardService - Failed to start connector [Connector[HTTP/1.1-8080]]
org.apache.catalina.LifecycleException: Failed to start component [Connector[HTTP/1.1-8080]]
	at org.apache.catalina.util.LifecycleBase.start(LifecycleBase.java:154) ~[tomcat-embed-core-8.0.23.jar:8.0.23]
	at org.apache.catalina.core.StandardService.addConnector(StandardService.java:237) [tomcat-embed-core-8.0.23.jar:8.0.23]
	at org.springframework.boot.context.embedded.tomcat.TomcatEmbeddedServletContainer.addPreviouslyRemovedConnectors(TomcatEmbeddedServletContainer.java:186) [spring-boot-1.2.4.RELEASE.jar:1.2.4.RELEASE]
	at org.springframework.boot.context.embedded.tomcat.TomcatEmbeddedServletContainer.start(TomcatEmbeddedServletContainer.java:149) [spring-boot-1.2.4.RELEASE.jar:1.2.4.RELEASE]
	at org.springframework.boot.context.embedded.EmbeddedWebApplicationContext.startEmbeddedServletContainer(EmbeddedWebApplicationContext.java:288) [spring-boot-1.2.4.RELEASE.jar:1.2.4.RELEASE]
	at org.springframework.boot.context.embedded.EmbeddedWebApplicationContext.finishRefresh(EmbeddedWebApplicationContext.java:141) [spring-boot-1.2.4.RELEASE.jar:1.2.4.RELEASE]
	at org.springframework.context.support.AbstractApplicationContext.refresh(AbstractApplicationContext.java:483) [spring-context-4.1.6.RELEASE.jar:4.1.6.RELEASE]
	at org.springframework.boot.context.embedded.EmbeddedWebApplicationContext.refresh(EmbeddedWebApplicationContext.java:118) [spring-boot-1.2.4.RELEASE.jar:1.2.4.RELEASE]
	at org.springframework.boot.SpringApplication.refresh(SpringApplication.java:686) [spring-boot-1.2.4.RELEASE.jar:1.2.4.RELEASE]
	at org.springframework.boot.SpringApplication.run(SpringApplication.java:320) [spring-boot-1.2.4.RELEASE.jar:1.2.4.RELEASE]
	at org.springframework.boot.SpringApplication.run(SpringApplication.java:957) [spring-boot-1.2.4.RELEASE.jar:1.2.4.RELEASE]
	at org.springframework.boot.SpringApplication.run(SpringApplication.java:946) [spring-boot-1.2.4.RELEASE.jar:1.2.4.RELEASE]
	at replication.prototype.server.controller.StarterController.main(StarterController.java:88) [classes/:?]
	at sun.reflect.NativeMethodAccessorImpl.invoke0(Native Method) ~[?:1.8.0]
	at sun.reflect.NativeMethodAccessorImpl.invoke(NativeMethodAccessorImpl.java:62) ~[?:1.8.0]
	at sun.reflect.DelegatingMethodAccessorImpl.invoke(DelegatingMethodAccessorImpl.java:43) ~[?:1.8.0]
	at java.lang.reflect.Method.invoke(Method.java:483) ~[?:1.8.0]
	at org.springframework.boot.maven.RunMojo$LaunchRunner.run(RunMojo.java:418) [spring-boot-maven-plugin-1.2.4.RELEASE.jar:1.2.4.RELEASE]
	at java.lang.Thread.run(Thread.java:744) [?:1.8.0]
Caused by: org.apache.catalina.LifecycleException: service.getName(): "Tomcat";  Protocol handler start failed
	at org.apache.catalina.connector.Connector.startInternal(Connector.java:993) ~[tomcat-embed-core-8.0.23.jar:8.0.23]
	at org.apache.catalina.util.LifecycleBase.start(LifecycleBase.java:150) ~[tomcat-embed-core-8.0.23.jar:8.0.23]
	... 18 more
Caused by: java.net.BindException: Address already in use
	at sun.nio.ch.Net.bind0(Native Method) ~[?:1.8.0]
	at sun.nio.ch.Net.bind(Net.java:414) ~[?:1.8.0]
	at sun.nio.ch.Net.bind(Net.java:406) ~[?:1.8.0]
	at sun.nio.ch.ServerSocketChannelImpl.bind(ServerSocketChannelImpl.java:214) ~[?:1.8.0]
	at sun.nio.ch.ServerSocketAdaptor.bind(ServerSocketAdaptor.java:74) ~[?:1.8.0]
	at org.apache.tomcat.util.net.NioEndpoint.bind(NioEndpoint.java:338) ~[tomcat-embed-core-8.0.23.jar:8.0.23]
	at org.apache.tomcat.util.net.AbstractEndpoint.start(AbstractEndpoint.java:760) ~[tomcat-embed-core-8.0.23.jar:8.0.23]
	at org.apache.coyote.AbstractProtocol.start(AbstractProtocol.java:472) ~[tomcat-embed-core-8.0.23.jar:8.0.23]
	at org.apache.catalina.connector.Connector.startInternal(Connector.java:986) ~[tomcat-embed-core-8.0.23.jar:8.0.23]
	at org.apache.catalina.util.LifecycleBase.start(LifecycleBase.java:150) ~[tomcat-embed-core-8.0.23.jar:8.0.23]
	... 18 more
2015-06-28 14:36:31.428 [replication.prototype.server.controller.StarterController.main()] ERROR org.springframework.boot.SpringApplication - Application startup failed
java.lang.IllegalStateException: Tomcat connector in failed state
	at org.springframework.boot.context.embedded.tomcat.TomcatEmbeddedServletContainer.start(TomcatEmbeddedServletContainer.java:157) ~[spring-boot-1.2.4.RELEASE.jar:1.2.4.RELEASE]
	at org.springframework.boot.context.embedded.EmbeddedWebApplicationContext.startEmbeddedServletContainer(EmbeddedWebApplicationContext.java:288) ~[spring-boot-1.2.4.RELEASE.jar:1.2.4.RELEASE]
	at org.springframework.boot.context.embedded.EmbeddedWebApplicationContext.finishRefresh(EmbeddedWebApplicationContext.java:141) ~[spring-boot-1.2.4.RELEASE.jar:1.2.4.RELEASE]
	at org.springframework.context.support.AbstractApplicationContext.refresh(AbstractApplicationContext.java:483) ~[spring-context-4.1.6.RELEASE.jar:4.1.6.RELEASE]
	at org.springframework.boot.context.embedded.EmbeddedWebApplicationContext.refresh(EmbeddedWebApplicationContext.java:118) ~[spring-boot-1.2.4.RELEASE.jar:1.2.4.RELEASE]
	at org.springframework.boot.SpringApplication.refresh(SpringApplication.java:686) ~[spring-boot-1.2.4.RELEASE.jar:1.2.4.RELEASE]
	at org.springframework.boot.SpringApplication.run(SpringApplication.java:320) [spring-boot-1.2.4.RELEASE.jar:1.2.4.RELEASE]
	at org.springframework.boot.SpringApplication.run(SpringApplication.java:957) [spring-boot-1.2.4.RELEASE.jar:1.2.4.RELEASE]
	at org.springframework.boot.SpringApplication.run(SpringApplication.java:946) [spring-boot-1.2.4.RELEASE.jar:1.2.4.RELEASE]
	at replication.prototype.server.controller.StarterController.main(StarterController.java:88) [classes/:?]
	at sun.reflect.NativeMethodAccessorImpl.invoke0(Native Method) ~[?:1.8.0]
	at sun.reflect.NativeMethodAccessorImpl.invoke(NativeMethodAccessorImpl.java:62) ~[?:1.8.0]
	at sun.reflect.DelegatingMethodAccessorImpl.invoke(DelegatingMethodAccessorImpl.java:43) ~[?:1.8.0]
	at java.lang.reflect.Method.invoke(Method.java:483) ~[?:1.8.0]
	at org.springframework.boot.maven.RunMojo$LaunchRunner.run(RunMojo.java:418) [spring-boot-maven-plugin-1.2.4.RELEASE.jar:1.2.4.RELEASE]
	at java.lang.Thread.run(Thread.java:744) [?:1.8.0]
